2025-06-05 08:45:41 [172.21.0.1][-][-][error][yii\web\HttpException:404] yii\base\InvalidRouteException: Unable to resolve the request "message/index". in /var/www/html/vendor/yiisoft/yii2/base/Module.php:561
Stack trace:
#0 /var/www/html/vendor/yiisoft/yii2/web/Application.php(103): yii\base\Module->runAction('message/index', Array)
#1 /var/www/html/vendor/yiisoft/yii2/base/Application.php(384): yii\web\Application->handleRequest(Object(yii\web\Request))
#2 /var/www/html/web/index.php(18): yii\base\Application->run()
#3 {main}

Next yii\web\NotFoundHttpException: Страница не найдена. in /var/www/html/vendor/yiisoft/yii2/web/Application.php:115
Stack trace:
#0 /var/www/html/vendor/yiisoft/yii2/base/Application.php(384): yii\web\Application->handleRequest(Object(yii\web\Request))
#1 /var/www/html/web/index.php(18): yii\base\Application->run()
#2 {main}
2025-06-05 08:45:41 [172.21.0.1][-][-][info][application] $_GET = []

$_POST = []

$_FILES = []

$_COOKIE = []

$_SERVER = [
    'HOSTNAME' => 'cd049c4ba06a'
    'PHP_INI_DIR' => '/usr/local/etc/php'
    'HOME' => '/home/www'
    'PHP_LDFLAGS' => '-Wl,-O1 -pie'
    'PHP_CFLAGS' => '-fstack-protector-strong -fpic -fpie -O2 -D_LARGEFILE_SOURCE -D_FILE_OFFSET_BITS=64'
    'PHP_VERSION' => '8.4.7'
    'GPG_KEYS' => 'AFD8691FDAEDF03BDF6E460563F15A9B715376CA 9D7F99A0CB8F05C8A6958D6256A97AF7600A39A6 0616E93D95AF471243E26761770426E17EBBB3DD'
    'PHP_CPPFLAGS' => '-fstack-protector-strong -fpic -fpie -O2 -D_LARGEFILE_SOURCE -D_FILE_OFFSET_BITS=64'
    'PHP_ASC_URL' => 'https://www.php.net/distributions/php-8.4.7.tar.xz.asc'
    'PHP_URL' => 'https://www.php.net/distributions/php-8.4.7.tar.xz'
    'PATH' => '/usr/local/sbin:/usr/local/bin:/usr/sbin:/usr/bin:/sbin:/bin'
    'PHPIZE_DEPS' => 'autoconf 		dpkg-dev 		file 		g++ 		gcc 		libc-dev 		make 		pkg-config 		re2c'
    'PWD' => '/var/www/html'
    'PHP_SHA256' => 'e29f4c23be2816ed005aa3f06bbb8eae0f22cc133863862e893515fc841e65e3'
    'USER' => 'www'
    'HTTP_PRIORITY' => 'u=0, i'
    'HTTP_UPGRADE_INSECURE_REQUESTS' => '1'
    'HTTP_CONNECTION' => 'keep-alive'
    'HTTP_ACCEPT_ENCODING' => 'gzip, deflate'
    'HTTP_ACCEPT_LANGUAGE' => 'ru-RU,ru;q=0.8,en-US;q=0.5,en;q=0.3'
    'HTTP_ACCEPT' => 'text/html,application/xhtml+xml,application/xml;q=0.9,*/*;q=0.8'
    'HTTP_USER_AGENT' => 'Mozilla/5.0 (X11; Linux x86_64; rv:138.0) Gecko/20100101 Firefox/138.0'
    'HTTP_HOST' => 'teletype-message.loc'
    'SCRIPT_FILENAME' => '/var/www/html/web/index.php'
    'REDIRECT_STATUS' => '200'
    'SERVER_NAME' => 'teletype-message.loc'
    'SERVER_PORT' => '80'
    'SERVER_ADDR' => '172.21.0.4'
    'REMOTE_PORT' => '51006'
    'REMOTE_ADDR' => '172.21.0.1'
    'SERVER_SOFTWARE' => 'nginx/1.27.5'
    'GATEWAY_INTERFACE' => 'CGI/1.1'
    'REQUEST_SCHEME' => 'http'
    'SERVER_PROTOCOL' => 'HTTP/1.1'
    'DOCUMENT_ROOT' => '/var/www/html/web'
    'DOCUMENT_URI' => '/index.php'
    'REQUEST_URI' => '/'
    'SCRIPT_NAME' => '/index.php'
    'CONTENT_LENGTH' => ''
    'CONTENT_TYPE' => ''
    'REQUEST_METHOD' => 'GET'
    'QUERY_STRING' => ''
    'FCGI_ROLE' => 'RESPONDER'
    'PHP_SELF' => '/index.php'
    'REQUEST_TIME_FLOAT' => 1749102341.0112
    'REQUEST_TIME' => 1749102341
    'argv' => []
    'argc' => 0
]
